build/app/intermediates/manifest_merge_blame_file/debug/manifest-merger-blame-debug-report.txt
1<?xml version="1.0" encoding="utf-8"?>
2<manifest xmlns:android="http://schemas.android.com/apk/res/android"
3    package="com.example.restaurant_app"
4    android:versionCode="1"
5    android:versionName="1.0.0" >
6
7    <uses-sdk
8        android:minSdkVersion="16"
9        android:targetSdkVersion="33" />
10    <!--
11         The INTERNET permission is required for development. Specifically,
12         the Flutter tool needs it to communicate with the running application
13         to allow setting breakpoints, to provide hot reload, etc.
14    -->
15    <uses-permission android:name="android.permission.INTERNET" />
15-->src\main\AndroidManifest.xml:3:5-66
15-->src\main\AndroidManifest.xml:3:22-64
16    <uses-permission android:name="android.permission.ACCESS_NETWORK_STATE" />
16-->[com.google.firebase:firebase-auth:22.1.0] AndroidManifest.xml:26:5-79
16-->[com.google.firebase:firebase-auth:22.1.0] AndroidManifest.xml:26:22-76
17
18    <queries>
18-->[com.facebook.android:facebook-common:16.0.1] AndroidManifest.xml:17:5-19:15
19        <package android:name="com.facebook.katana" />
19-->[com.facebook.android:facebook-common:16.0.1] AndroidManifest.xml:18:9-55
19-->[com.facebook.android:facebook-common:16.0.1] AndroidManifest.xml:18:18-52
20    </queries>
21
22    <uses-permission android:name="com.google.android.gms.permission.AD_ID" />
22-->[com.facebook.android:facebook-core:16.0.1] AndroidManifest.xml:16:5-79
22-->[com.facebook.android:facebook-core:16.0.1] AndroidManifest.xml:16:22-76
23    <uses-permission android:name="com.google.android.finsky.permission.BIND_GET_INSTALL_REFERRER_SERVICE" />
23-->[com.android.installreferrer:installreferrer:1.0] AndroidManifest.xml:9:5-110
23-->[com.android.installreferrer:installreferrer:1.0] AndroidManifest.xml:9:22-107
24
25    <application
26        android:name="android.app.Application"
27        android:appComponentFactory="androidx.core.app.CoreComponentFactory"
27-->[androidx.core:core:1.6.0] AndroidManifest.xml:24:18-86
28        android:debuggable="true"
29        android:icon="@mipmap/ic_launcher"
30        android:label="restaurant_app"
31        android:supportsRtl="true" >
31-->[com.facebook.android:facebook-login:16.0.1] AndroidManifest.xml:16:18-44
32        <activity
33            android:name="com.example.restaurant_app.MainActivity"
34            android:configChanges="orientation|keyboardHidden|keyboard|screenSize|smallestScreenSize|locale|layoutDirection|fontScale|screenLayout|density|uiMode"
35            android:exported="true"
36            android:hardwareAccelerated="true"
37            android:launchMode="singleTop"
38            android:theme="@style/LaunchTheme"
39            android:windowSoftInputMode="adjustResize" >
40            <intent-filter>
41                <action android:name="android.intent.action.MAIN" />
42
43                <category android:name="android.intent.category.LAUNCHER" />
44            </intent-filter>
45        </activity>
46
47        <!-- Facebook SDK // START -->
48
49        <meta-data
50            android:name="com.facebook.sdk.ApplicationId"
51            android:value="@string/facebook_app_id" />
52        <meta-data
53            android:name="com.facebook.sdk.ClientToken"
54            android:value="@string/facebook_client_token" />
55
56        <!-- Facebook SDK // END -->
57
58
59        <!--
60             Don't delete the meta-data below.
61             This is used by the Flutter tool to generate GeneratedPluginRegistrant.java
62        -->
63        <meta-data
64            android:name="flutterEmbedding"
65            android:value="2" />
66
67        <service
67-->[:firebase_auth] AndroidManifest.xml:10:9-14:19
68            android:name="com.google.firebase.components.ComponentDiscoveryService"
68-->[:firebase_auth] AndroidManifest.xml:10:18-89
69            android:directBootAware="true"
69-->[com.google.firebase:firebase-common:20.3.3] AndroidManifest.xml:34:13-43
70            android:exported="false" >
70-->[com.google.firebase:firebase-auth:22.1.0] AndroidManifest.xml:68:13-37
71            <meta-data
71-->[:firebase_auth] AndroidManifest.xml:11:13-13:85
72                android:name="com.google.firebase.components:io.flutter.plugins.firebase.auth.FlutterFirebaseAuthRegistrar"
72-->[:firebase_auth] AndroidManifest.xml:12:17-124
73                android:value="com.google.firebase.components.ComponentRegistrar" />
73-->[:firebase_auth] AndroidManifest.xml:13:17-82
74            <meta-data
74-->[:firebase_core] AndroidManifest.xml:11:13-13:85
75                android:name="com.google.firebase.components:io.flutter.plugins.firebase.core.FlutterFirebaseCoreRegistrar"
75-->[:firebase_core] AndroidManifest.xml:12:17-124
76                android:value="com.google.firebase.components.ComponentRegistrar" />
76-->[:firebase_core] AndroidManifest.xml:13:17-82
77            <meta-data
77-->[com.google.firebase:firebase-auth:22.1.0] AndroidManifest.xml:69:13-71:85
78                android:name="com.google.firebase.components:com.google.firebase.auth.FirebaseAuthRegistrar"
78-->[com.google.firebase:firebase-auth:22.1.0] AndroidManifest.xml:70:17-109
79                android:value="com.google.firebase.components.ComponentRegistrar" />
79-->[com.google.firebase:firebase-auth:22.1.0] AndroidManifest.xml:71:17-82
80        </service>
81
82        <uses-library
82-->[androidx.window:window:1.0.0-beta04] AndroidManifest.xml:25:9-27:40
83            android:name="androidx.window.extensions"
83-->[androidx.window:window:1.0.0-beta04] AndroidManifest.xml:26:13-54
84            android:required="false" />
84-->[androidx.window:window:1.0.0-beta04] AndroidManifest.xml:27:13-37
85        <uses-library
85-->[androidx.window:window:1.0.0-beta04] AndroidManifest.xml:28:9-30:40
86            android:name="androidx.window.sidecar"
86-->[androidx.window:window:1.0.0-beta04] AndroidManifest.xml:29:13-51
87            android:required="false" />
87-->[androidx.window:window:1.0.0-beta04] AndroidManifest.xml:30:13-37
88
89        <activity
89-->[com.google.firebase:firebase-auth:22.1.0] AndroidManifest.xml:29:9-46:20
90            android:name="com.google.firebase.auth.internal.GenericIdpActivity"
90-->[com.google.firebase:firebase-auth:22.1.0] AndroidManifest.xml:30:13-80
91            android:excludeFromRecents="true"
91-->[com.google.firebase:firebase-auth:22.1.0] AndroidManifest.xml:31:13-46
92            android:exported="true"
92-->[com.google.firebase:firebase-auth:22.1.0] AndroidManifest.xml:32:13-36
93            android:launchMode="singleTask"
93-->[com.google.firebase:firebase-auth:22.1.0] AndroidManifest.xml:33:13-44
94            android:theme="@android:style/Theme.Translucent.NoTitleBar" >
94-->[com.google.firebase:firebase-auth:22.1.0] AndroidManifest.xml:34:13-72
95            <intent-filter>
95-->[com.google.firebase:firebase-auth:22.1.0] AndroidManifest.xml:35:13-45:29
96                <action android:name="android.intent.action.VIEW" />
96-->[com.google.firebase:firebase-auth:22.1.0] AndroidManifest.xml:36:17-69
96-->[com.google.firebase:firebase-auth:22.1.0] AndroidManifest.xml:36:25-66
97
98                <category android:name="android.intent.category.DEFAULT" />
98-->[com.google.firebase:firebase-auth:22.1.0] AndroidManifest.xml:38:17-76
98-->[com.google.firebase:firebase-auth:22.1.0] AndroidManifest.xml:38:27-73
99                <category android:name="android.intent.category.BROWSABLE" />
99-->[com.google.firebase:firebase-auth:22.1.0] AndroidManifest.xml:39:17-78
99-->[com.google.firebase:firebase-auth:22.1.0] AndroidManifest.xml:39:27-75
100
101                <data
101-->[com.google.firebase:firebase-auth:22.1.0] AndroidManifest.xml:41:17-44:51
102                    android:host="firebase.auth"
102-->[com.google.firebase:firebase-auth:22.1.0] AndroidManifest.xml:42:21-49
103                    android:path="/"
103-->[com.google.firebase:firebase-auth:22.1.0] AndroidManifest.xml:43:21-37
104                    android:scheme="genericidp" />
104-->[com.google.firebase:firebase-auth:22.1.0] AndroidManifest.xml:44:21-48
105            </intent-filter>
106        </activity>
107        <activity
107-->[com.google.firebase:firebase-auth:22.1.0] AndroidManifest.xml:47:9-64:20
108            android:name="com.google.firebase.auth.internal.RecaptchaActivity"
108-->[com.google.firebase:firebase-auth:22.1.0] AndroidManifest.xml:48:13-79
109            android:excludeFromRecents="true"
109-->[com.google.firebase:firebase-auth:22.1.0] AndroidManifest.xml:49:13-46
110            android:exported="true"
110-->[com.google.firebase:firebase-auth:22.1.0] AndroidManifest.xml:50:13-36
111            android:launchMode="singleTask"
111-->[com.google.firebase:firebase-auth:22.1.0] AndroidManifest.xml:51:13-44
112            android:theme="@android:style/Theme.Translucent.NoTitleBar" >
112-->[com.google.firebase:firebase-auth:22.1.0] AndroidManifest.xml:52:13-72
113            <intent-filter>
113-->[com.google.firebase:firebase-auth:22.1.0] AndroidManifest.xml:53:13-63:29
114                <action android:name="android.intent.action.VIEW" />
114-->[com.google.firebase:firebase-auth:22.1.0] AndroidManifest.xml:36:17-69
114-->[com.google.firebase:firebase-auth:22.1.0] AndroidManifest.xml:36:25-66
115
116                <category android:name="android.intent.category.DEFAULT" />
116-->[com.google.firebase:firebase-auth:22.1.0] AndroidManifest.xml:38:17-76
116-->[com.google.firebase:firebase-auth:22.1.0] AndroidManifest.xml:38:27-73
117                <category android:name="android.intent.category.BROWSABLE" />
117-->[com.google.firebase:firebase-auth:22.1.0] AndroidManifest.xml:39:17-78
117-->[com.google.firebase:firebase-auth:22.1.0] AndroidManifest.xml:39:27-75
118
119                <data
119-->[com.google.firebase:firebase-auth:22.1.0] AndroidManifest.xml:41:17-44:51
120                    android:host="firebase.auth"
120-->[com.google.firebase:firebase-auth:22.1.0] AndroidManifest.xml:42:21-49
121                    android:path="/"
121-->[com.google.firebase:firebase-auth:22.1.0] AndroidManifest.xml:43:21-37
122                    android:scheme="recaptcha" />
122-->[com.google.firebase:firebase-auth:22.1.0] AndroidManifest.xml:44:21-48
123            </intent-filter>
124        </activity>
125
126        <provider
126-->[com.google.firebase:firebase-common:20.3.3] AndroidManifest.xml:25:9-30:39
127            android:name="com.google.firebase.provider.FirebaseInitProvider"
127-->[com.google.firebase:firebase-common:20.3.3] AndroidManifest.xml:26:13-77
128            android:authorities="com.example.restaurant_app.firebaseinitprovider"
128-->[com.google.firebase:firebase-common:20.3.3] AndroidManifest.xml:27:13-72
129            android:directBootAware="true"
129-->[com.google.firebase:firebase-common:20.3.3] AndroidManifest.xml:28:13-43
130            android:exported="false"
130-->[com.google.firebase:firebase-common:20.3.3] AndroidManifest.xml:29:13-37
131            android:initOrder="100" />
131-->[com.google.firebase:firebase-common:20.3.3] AndroidManifest.xml:30:13-36
132
133        <activity
133-->[com.facebook.android:facebook-common:16.0.1] AndroidManifest.xml:22:9-25:66
134            android:name="com.facebook.FacebookActivity"
134-->[com.facebook.android:facebook-common:16.0.1] AndroidManifest.xml:23:13-57
135            android:configChanges="keyboard|keyboardHidden|screenLayout|screenSize|orientation"
135-->[com.facebook.android:facebook-common:16.0.1] AndroidManifest.xml:24:13-96
136            android:theme="@style/com_facebook_activity_theme" />
136-->[com.facebook.android:facebook-common:16.0.1] AndroidManifest.xml:25:13-63
137        <activity android:name="com.facebook.CustomTabMainActivity" />
137-->[com.facebook.android:facebook-common:16.0.1] AndroidManifest.xml:26:9-71
137-->[com.facebook.android:facebook-common:16.0.1] AndroidManifest.xml:26:19-68
138        <activity
138-->[com.facebook.android:facebook-common:16.0.1] AndroidManifest.xml:27:9-41:20
139            android:name="com.facebook.CustomTabActivity"
139-->[com.facebook.android:facebook-common:16.0.1] AndroidManifest.xml:28:13-58
140            android:exported="true" >
140-->[com.facebook.android:facebook-common:16.0.1] AndroidManifest.xml:29:13-36
141            <intent-filter>
141-->[com.facebook.android:facebook-common:16.0.1] AndroidManifest.xml:31:13-40:29
142                <action android:name="android.intent.action.VIEW" />
142-->[com.google.firebase:firebase-auth:22.1.0] AndroidManifest.xml:36:17-69
142-->[com.google.firebase:firebase-auth:22.1.0] AndroidManifest.xml:36:25-66
143
144                <category android:name="android.intent.category.DEFAULT" />
144-->[com.google.firebase:firebase-auth:22.1.0] AndroidManifest.xml:38:17-76
144-->[com.google.firebase:firebase-auth:22.1.0] AndroidManifest.xml:38:27-73
145                <category android:name="android.intent.category.BROWSABLE" />
145-->[com.google.firebase:firebase-auth:22.1.0] AndroidManifest.xml:39:17-78
145-->[com.google.firebase:firebase-auth:22.1.0] AndroidManifest.xml:39:27-75
146
147                <data
147-->[com.google.firebase:firebase-auth:22.1.0] AndroidManifest.xml:41:17-44:51
148                    android:host="cct.com.example.restaurant_app"
148-->[com.google.firebase:firebase-auth:22.1.0] AndroidManifest.xml:42:21-49
149                    android:scheme="fbconnect" />
149-->[com.google.firebase:firebase-auth:22.1.0] AndroidManifest.xml:44:21-48
150            </intent-filter>
151        </activity>
152        <activity
152-->[com.google.android.gms:play-services-auth:20.6.0] AndroidManifest.xml:23:9-27:75
153            android:name="com.google.android.gms.auth.api.signin.internal.SignInHubActivity"
153-->[com.google.android.gms:play-services-auth:20.6.0] AndroidManifest.xml:24:13-93
154            android:excludeFromRecents="true"
154-->[com.google.android.gms:play-services-auth:20.6.0] AndroidManifest.xml:25:13-46
155            android:exported="false"
155-->[com.google.android.gms:play-services-auth:20.6.0] AndroidManifest.xml:26:13-37
156            android:theme="@android:style/Theme.Translucent.NoTitleBar" />
156-->[com.google.android.gms:play-services-auth:20.6.0] AndroidManifest.xml:27:13-72
157        <!--
158            Service handling Google Sign-In user revocation. For apps that do not integrate with
159            Google Sign-In, this service will never be started.
160        -->
161        <service
161-->[com.google.android.gms:play-services-auth:20.6.0] AndroidManifest.xml:33:9-37:51
162            android:name="com.google.android.gms.auth.api.signin.RevocationBoundService"
162-->[com.google.android.gms:play-services-auth:20.6.0] AndroidManifest.xml:34:13-89
163            android:exported="true"
163-->[com.google.android.gms:play-services-auth:20.6.0] AndroidManifest.xml:35:13-36
164            android:permission="com.google.android.gms.auth.api.signin.permission.REVOCATION_NOTIFICATION"
164-->[com.google.android.gms:play-services-auth:20.6.0] AndroidManifest.xml:36:13-107
165            android:visibleToInstantApps="true" />
165-->[com.google.android.gms:play-services-auth:20.6.0] AndroidManifest.xml:37:13-48
166
167        <activity
167-->[com.google.android.gms:play-services-base:18.0.1] AndroidManifest.xml:20:9-22:45
168            android:name="com.google.android.gms.common.api.GoogleApiActivity"
168-->[com.google.android.gms:play-services-base:18.0.1] AndroidManifest.xml:20:19-85
169            android:exported="false"
169-->[com.google.android.gms:play-services-base:18.0.1] AndroidManifest.xml:22:19-43
170            android:theme="@android:style/Theme.Translucent.NoTitleBar" />
170-->[com.google.android.gms:play-services-base:18.0.1] AndroidManifest.xml:21:19-78
171
172        <meta-data
172-->[com.google.android.gms:play-services-basement:18.2.0] AndroidManifest.xml:21:9-23:69
173            android:name="com.google.android.gms.version"
173-->[com.google.android.gms:play-services-basement:18.2.0] AndroidManifest.xml:22:13-58
174            android:value="@integer/google_play_services_version" />
174-->[com.google.android.gms:play-services-basement:18.2.0] AndroidManifest.xml:23:13-66
175        <!--
176         The initialization ContentProvider will call FacebookSdk.sdkInitialize automatically
177         with the application context. This config is merged in with the host app's manifest,
178         but there can only be one provider with the same authority activated at any given
179         point; so if the end user has two or more different apps that use Facebook SDK, only the
180         first one will be able to use the provider. To work around this problem, we use the
181         following placeholder in the authority to identify each host application as if it was
182         a completely different provider.
183        -->
184        <provider
184-->[com.facebook.android:facebook-core:16.0.1] AndroidManifest.xml:29:9-32:40
185            android:name="com.facebook.internal.FacebookInitProvider"
185-->[com.facebook.android:facebook-core:16.0.1] AndroidManifest.xml:30:13-70
186            android:authorities="com.example.restaurant_app.FacebookInitProvider"
186-->[com.facebook.android:facebook-core:16.0.1] AndroidManifest.xml:31:13-72
187            android:exported="false" />
187-->[com.facebook.android:facebook-core:16.0.1] AndroidManifest.xml:32:13-37
188
189        <receiver
189-->[com.facebook.android:facebook-core:16.0.1] AndroidManifest.xml:34:9-40:20
190            android:name="com.facebook.CurrentAccessTokenExpirationBroadcastReceiver"
190-->[com.facebook.android:facebook-core:16.0.1] AndroidManifest.xml:35:13-86
191            android:exported="false" >
191-->[com.facebook.android:facebook-core:16.0.1] AndroidManifest.xml:36:13-37
192            <intent-filter>
192-->[com.facebook.android:facebook-core:16.0.1] AndroidManifest.xml:37:13-39:29
193                <action android:name="com.facebook.sdk.ACTION_CURRENT_ACCESS_TOKEN_CHANGED" />
193-->[com.facebook.android:facebook-core:16.0.1] AndroidManifest.xml:38:17-95
193-->[com.facebook.android:facebook-core:16.0.1] AndroidManifest.xml:38:25-92
194            </intent-filter>
195        </receiver>
196        <receiver
196-->[com.facebook.android:facebook-core:16.0.1] AndroidManifest.xml:41:9-47:20
197            android:name="com.facebook.AuthenticationTokenManager$CurrentAuthenticationTokenChangedBroadcastReceiver"
197-->[com.facebook.android:facebook-core:16.0.1] AndroidManifest.xml:42:13-118
198            android:exported="false" >
198-->[com.facebook.android:facebook-core:16.0.1] AndroidManifest.xml:43:13-37
199            <intent-filter>
199-->[com.facebook.android:facebook-core:16.0.1] AndroidManifest.xml:44:13-46:29
200                <action android:name="com.facebook.sdk.ACTION_CURRENT_AUTHENTICATION_TOKEN_CHANGED" />
200-->[com.facebook.android:facebook-core:16.0.1] AndroidManifest.xml:45:17-103
200-->[com.facebook.android:facebook-core:16.0.1] AndroidManifest.xml:45:25-100
201            </intent-filter>
202        </receiver>
203    </application>
204
205</manifest>